<?xml version="1.0" encoding="UTF-8"?>
<!-- Generated by org.testng.reporters.JUnitXMLReporter -->
<testsuite ignored="0" hostname="Tonys-mac.local" failures="0" tests="3" name="Test" time="64.064" errors="0" timestamp="2021-11-15T14:18:21 WIB">
  <testcase classname="android_automation_mobile.LoginTest" name="invalidCredential" time="12.144"/>
  <testcase classname="android_automation_mobile.LoginTest" name="invalidFormatEmail" time="12.194"/>
  <testcase classname="android_automation_mobile.LoginTest" name="successLogin" time="13.012"/>
</testsuite> <!-- Test -->
